0 info it worked if it ends with ok
1 verbose cli [ '/usr/local/bin/node', '/usr/local/bin/npm', 'i', 'caman', '-g' ]
2 info using npm@3.10.3
3 info using node@v6.5.0
4 silly loadCurrentTree Starting
5 silly install loadCurrentTree
6 silly install readGlobalPackageData
7 silly fetchPackageMetaData caman
8 silly fetchNamedPackageData caman
9 silly mapToRegistry name caman
10 silly mapToRegistry using default registry
11 silly mapToRegistry registry https://registry.npmjs.org/
12 silly mapToRegistry data Result {
12 silly mapToRegistry   raw: 'caman',
12 silly mapToRegistry   scope: null,
12 silly mapToRegistry   escapedName: 'caman',
12 silly mapToRegistry   name: 'caman',
12 silly mapToRegistry   rawSpec: '',
12 silly mapToRegistry   spec: 'latest',
12 silly mapToRegistry   type: 'tag' }
13 silly mapToRegistry uri https://registry.npmjs.org/caman
14 verbose request uri https://registry.npmjs.org/caman
15 verbose request no auth needed
16 info attempt registry request try #1 at 10:14:36 AM
17 verbose request id d05f28aefb11b441
18 verbose etag W/"51f40a16-1128f"
19 verbose lastModified Sat, 27 Jul 2013 17:57:42 GMT
20 http request GET https://registry.npmjs.org/caman
21 http 304 https://registry.npmjs.org/caman
22 verbose headers { date: 'Wed, 21 Dec 2016 17:14:36 GMT',
22 verbose headers   via: '1.1 varnish',
22 verbose headers   'cache-control': 'max-age=300',
22 verbose headers   etag: 'W/"51f40a16-1128f"',
22 verbose headers   age: '17',
22 verbose headers   connection: 'keep-alive',
22 verbose headers   'x-served-by': 'cache-ord1724-ORD',
22 verbose headers   'x-cache': 'HIT',
22 verbose headers   'x-cache-hits': '1',
22 verbose headers   'x-timer': 'S1482340476.564419,VS0,VE0',
22 verbose headers   vary: 'Accept-Encoding' }
23 silly get cb [ 304,
23 silly get   { date: 'Wed, 21 Dec 2016 17:14:36 GMT',
23 silly get     via: '1.1 varnish',
23 silly get     'cache-control': 'max-age=300',
23 silly get     etag: 'W/"51f40a16-1128f"',
23 silly get     age: '17',
23 silly get     connection: 'keep-alive',
23 silly get     'x-served-by': 'cache-ord1724-ORD',
23 silly get     'x-cache': 'HIT',
23 silly get     'x-cache-hits': '1',
23 silly get     'x-timer': 'S1482340476.564419,VS0,VE0',
23 silly get     vary: 'Accept-Encoding' } ]
24 verbose etag https://registry.npmjs.org/caman from cache
25 verbose get saving caman to /Users/wesleyhuang/.npm/registry.npmjs.org/caman/.cache.json
26 verbose correctMkdir /Users/wesleyhuang/.npm correctMkdir not in flight; initializing
27 silly install normalizeTree
28 silly loadCurrentTree Finishing
29 silly loadIdealTree Starting
30 silly install loadIdealTree
31 silly cloneCurrentTree Starting
32 silly install cloneCurrentTreeToIdealTree
33 silly cloneCurrentTree Finishing
34 silly loadShrinkwrap Starting
35 silly install loadShrinkwrap
36 silly loadShrinkwrap Finishing
37 silly loadAllDepsIntoIdealTree Starting
38 silly install loadAllDepsIntoIdealTree
39 silly resolveWithNewModule caman@4.1.2 checking installable status
40 silly cache add args [ 'caman', null ]
41 verbose cache add spec caman
42 silly cache add parsed spec Result {
42 silly cache add   raw: 'caman',
42 silly cache add   scope: null,
42 silly cache add   escapedName: 'caman',
42 silly cache add   name: 'caman',
42 silly cache add   rawSpec: '',
42 silly cache add   spec: 'latest',
42 silly cache add   type: 'tag' }
43 silly addNamed caman@latest
44 verbose addNamed "latest" is being treated as a dist-tag for caman
45 info addNameTag [ 'caman', 'latest' ]
46 silly mapToRegistry name caman
47 silly mapToRegistry using default registry
48 silly mapToRegistry registry https://registry.npmjs.org/
49 silly mapToRegistry data Result {
49 silly mapToRegistry   raw: 'caman',
49 silly mapToRegistry   scope: null,
49 silly mapToRegistry   escapedName: 'caman',
49 silly mapToRegistry   name: 'caman',
49 silly mapToRegistry   rawSpec: '',
49 silly mapToRegistry   spec: 'latest',
49 silly mapToRegistry   type: 'tag' }
50 silly mapToRegistry uri https://registry.npmjs.org/caman
51 verbose addNameTag registry:https://registry.npmjs.org/caman not in flight; fetching
52 verbose get https://registry.npmjs.org/caman not expired, no request
53 silly addNameTag next cb for caman with tag latest
54 silly addNamed caman@4.1.2
55 verbose addNamed "4.1.2" is a plain semver version for caman
56 silly cache afterAdd caman@4.1.2
57 verbose afterAdd /Users/wesleyhuang/.npm/caman/4.1.2/package/package.json not in flight; writing
58 verbose correctMkdir /Users/wesleyhuang/.npm correctMkdir not in flight; initializing
59 verbose afterAdd /Users/wesleyhuang/.npm/caman/4.1.2/package/package.json written
60 silly fetchNamedPackageData canvas
61 silly mapToRegistry name canvas
62 silly mapToRegistry using default registry
63 silly mapToRegistry registry https://registry.npmjs.org/
64 silly mapToRegistry data Result {
64 silly mapToRegistry   raw: 'canvas',
64 silly mapToRegistry   scope: null,
64 silly mapToRegistry   escapedName: 'canvas',
64 silly mapToRegistry   name: 'canvas',
64 silly mapToRegistry   rawSpec: '',
64 silly mapToRegistry   spec: 'latest',
64 silly mapToRegistry   type: 'tag' }
65 silly mapToRegistry uri https://registry.npmjs.org/canvas
66 silly fetchNamedPackageData fibers
67 silly mapToRegistry name fibers
68 silly mapToRegistry using default registry
69 silly mapToRegistry registry https://registry.npmjs.org/
70 silly mapToRegistry data Result {
70 silly mapToRegistry   raw: 'fibers',
70 silly mapToRegistry   scope: null,
70 silly mapToRegistry   escapedName: 'fibers',
70 silly mapToRegistry   name: 'fibers',
70 silly mapToRegistry   rawSpec: '',
70 silly mapToRegistry   spec: 'latest',
70 silly mapToRegistry   type: 'tag' }
71 silly mapToRegistry uri https://registry.npmjs.org/fibers
72 verbose request uri https://registry.npmjs.org/fibers
73 verbose request no auth needed
74 info attempt registry request try #1 at 10:14:36 AM
75 verbose etag W/"582d0dde-ff08"
76 verbose lastModified Thu, 17 Nov 2016 01:54:38 GMT
77 http request GET https://registry.npmjs.org/fibers
78 verbose request uri https://registry.npmjs.org/canvas
79 verbose request no auth needed
80 info attempt registry request try #1 at 10:14:36 AM
81 verbose etag W/"5840247d-1e475"
82 verbose lastModified Thu, 01 Dec 2016 13:24:13 GMT
83 http request GET https://registry.npmjs.org/canvas
84 http 304 https://registry.npmjs.org/fibers
85 verbose headers { date: 'Wed, 21 Dec 2016 17:14:36 GMT',
85 verbose headers   via: '1.1 varnish',
85 verbose headers   'cache-control': 'max-age=300',
85 verbose headers   etag: 'W/"582d0dde-ff08"',
85 verbose headers   age: '0',
85 verbose headers   connection: 'keep-alive',
85 verbose headers   'x-served-by': 'cache-ord1724-ORD',
85 verbose headers   'x-cache': 'HIT',
85 verbose headers   'x-cache-hits': '1',
85 verbose headers   'x-timer': 'S1482340476.719021,VS0,VE19',
85 verbose headers   vary: 'Accept-Encoding' }
86 silly get cb [ 304,
86 silly get   { date: 'Wed, 21 Dec 2016 17:14:36 GMT',
86 silly get     via: '1.1 varnish',
86 silly get     'cache-control': 'max-age=300',
86 silly get     etag: 'W/"582d0dde-ff08"',
86 silly get     age: '0',
86 silly get     connection: 'keep-alive',
86 silly get     'x-served-by': 'cache-ord1724-ORD',
86 silly get     'x-cache': 'HIT',
86 silly get     'x-cache-hits': '1',
86 silly get     'x-timer': 'S1482340476.719021,VS0,VE19',
86 silly get     vary: 'Accept-Encoding' } ]
87 verbose etag https://registry.npmjs.org/fibers from cache
88 verbose get saving fibers to /Users/wesleyhuang/.npm/registry.npmjs.org/fibers/.cache.json
89 verbose correctMkdir /Users/wesleyhuang/.npm correctMkdir not in flight; initializing
90 silly resolveWithNewModule fibers@1.0.15 checking installable status
91 silly cache add args [ 'fibers@*', null ]
92 verbose cache add spec fibers@*
93 silly cache add parsed spec Result {
93 silly cache add   raw: 'fibers@*',
93 silly cache add   scope: null,
93 silly cache add   escapedName: 'fibers',
93 silly cache add   name: 'fibers',
93 silly cache add   rawSpec: '*',
93 silly cache add   spec: '*',
93 silly cache add   type: 'range' }
94 silly addNamed fibers@*
95 verbose addNamed "*" is a valid semver range for fibers
96 silly addNameRange { name: 'fibers', range: '*', hasData: false }
97 silly mapToRegistry name fibers
98 silly mapToRegistry using default registry
99 silly mapToRegistry registry https://registry.npmjs.org/
100 silly mapToRegistry data Result {
100 silly mapToRegistry   raw: 'fibers',
100 silly mapToRegistry   scope: null,
100 silly mapToRegistry   escapedName: 'fibers',
100 silly mapToRegistry   name: 'fibers',
100 silly mapToRegistry   rawSpec: '',
100 silly mapToRegistry   spec: 'latest',
100 silly mapToRegistry   type: 'tag' }
101 silly mapToRegistry uri https://registry.npmjs.org/fibers
102 verbose addNameRange registry:https://registry.npmjs.org/fibers not in flight; fetching
103 verbose get https://registry.npmjs.org/fibers not expired, no request
104 silly addNameRange number 2 { name: 'fibers', range: '*', hasData: true }
105 silly addNameRange versions [ 'fibers',
105 silly addNameRange   [ '0.1.0',
105 silly addNameRange     '0.1.1',
105 silly addNameRange     '0.1.2',
105 silly addNameRange     '0.1.3',
105 silly addNameRange     '0.1.4',
105 silly addNameRange     '0.1.6',
105 silly addNameRange     '0.1.7',
105 silly addNameRange     '0.1.8',
105 silly addNameRange     '0.2.0',
105 silly addNameRange     '0.2.1',
105 silly addNameRange     '0.2.2',
105 silly addNameRange     '0.2.3',
105 silly addNameRange     '0.2.4',
105 silly addNameRange     '0.2.5',
105 silly addNameRange     '0.2.6',
105 silly addNameRange     '0.5.0',
105 silly addNameRange     '0.6.0',
105 silly addNameRange     '0.5.1',
105 silly addNameRange     '0.6.1',
105 silly addNameRange     '0.6.2',
105 silly addNameRange     '0.6.3',
105 silly addNameRange     '0.6.4',
105 silly addNameRange     '0.6.5',
105 silly addNameRange     '0.6.6',
105 silly addNameRange     '0.6.7',
105 silly addNameRange     '0.6.8',
105 silly addNameRange     '0.6.9',
105 silly addNameRange     '1.0.0',
105 silly addNameRange     '1.0.1',
105 silly addNameRange     '1.0.2',
105 silly addNameRange     '1.0.4',
105 silly addNameRange     '1.0.5',
105 silly addNameRange     '1.0.6-b',
105 silly addNameRange     '1.0.7',
105 silly addNameRange     '1.0.8',
105 silly addNameRange     '1.0.9',
105 silly addNameRange     '1.0.10',
105 silly addNameRange     '1.0.11',
105 silly addNameRange     '1.0.12',
105 silly addNameRange     '1.0.13',
105 silly addNameRange     '1.0.14',
105 silly addNameRange     '1.0.15' ] ]
106 silly addNamed fibers@1.0.15
107 verbose addNamed "1.0.15" is a plain semver version for fibers
108 silly cache afterAdd fibers@1.0.15
109 verbose afterAdd /Users/wesleyhuang/.npm/fibers/1.0.15/package/package.json not in flight; writing
110 verbose correctMkdir /Users/wesleyhuang/.npm correctMkdir not in flight; initializing
111 verbose afterAdd /Users/wesleyhuang/.npm/fibers/1.0.15/package/package.json written
112 http 304 https://registry.npmjs.org/canvas
113 verbose headers { date: 'Wed, 21 Dec 2016 17:14:36 GMT',
113 verbose headers   via: '1.1 varnish',
113 verbose headers   'cache-control': 'max-age=300',
113 verbose headers   etag: 'W/"5840247d-1e475"',
113 verbose headers   age: '0',
113 verbose headers   connection: 'keep-alive',
113 verbose headers   'x-served-by': 'cache-ord1738-ORD',
113 verbose headers   'x-cache': 'HIT',
113 verbose headers   'x-cache-hits': '1',
113 verbose headers   'x-timer': 'S1482340476.796867,VS0,VE19',
113 verbose headers   vary: 'Accept-Encoding' }
114 silly get cb [ 304,
114 silly get   { date: 'Wed, 21 Dec 2016 17:14:36 GMT',
114 silly get     via: '1.1 varnish',
114 silly get     'cache-control': 'max-age=300',
114 silly get     etag: 'W/"5840247d-1e475"',
114 silly get     age: '0',
114 silly get     connection: 'keep-alive',
114 silly get     'x-served-by': 'cache-ord1738-ORD',
114 silly get     'x-cache': 'HIT',
114 silly get     'x-cache-hits': '1',
114 silly get     'x-timer': 'S1482340476.796867,VS0,VE19',
114 silly get     vary: 'Accept-Encoding' } ]
115 verbose etag https://registry.npmjs.org/canvas from cache
116 verbose get saving canvas to /Users/wesleyhuang/.npm/registry.npmjs.org/canvas/.cache.json
117 verbose correctMkdir /Users/wesleyhuang/.npm correctMkdir not in flight; initializing
118 silly resolveWithNewModule canvas@1.6.2 checking installable status
119 silly cache add args [ 'canvas@*', null ]
120 verbose cache add spec canvas@*
121 silly cache add parsed spec Result {
121 silly cache add   raw: 'canvas@*',
121 silly cache add   scope: null,
121 silly cache add   escapedName: 'canvas',
121 silly cache add   name: 'canvas',
121 silly cache add   rawSpec: '*',
121 silly cache add   spec: '*',
121 silly cache add   type: 'range' }
122 silly addNamed canvas@*
123 verbose addNamed "*" is a valid semver range for canvas
124 silly addNameRange { name: 'canvas', range: '*', hasData: false }
125 silly mapToRegistry name canvas
126 silly mapToRegistry using default registry
127 silly mapToRegistry registry https://registry.npmjs.org/
128 silly mapToRegistry data Result {
128 silly mapToRegistry   raw: 'canvas',
128 silly mapToRegistry   scope: null,
128 silly mapToRegistry   escapedName: 'canvas',
128 silly mapToRegistry   name: 'canvas',
128 silly mapToRegistry   rawSpec: '',
128 silly mapToRegistry   spec: 'latest',
128 silly mapToRegistry   type: 'tag' }
129 silly mapToRegistry uri https://registry.npmjs.org/canvas
130 verbose addNameRange registry:https://registry.npmjs.org/canvas not in flight; fetching
131 verbose get https://registry.npmjs.org/canvas not expired, no request
132 silly addNameRange number 2 { name: 'canvas', range: '*', hasData: true }
133 silly addNameRange versions [ 'canvas',
133 silly addNameRange   [ '0.0.1',
133 silly addNameRange     '0.0.2',
133 silly addNameRange     '0.0.3',
133 silly addNameRange     '0.0.4',
133 silly addNameRange     '0.0.5',
133 silly addNameRange     '0.0.6',
133 silly addNameRange     '0.0.7',
133 silly addNameRange     '0.0.8',
133 silly addNameRange     '0.1.0',
133 silly addNameRange     '0.2.0',
133 silly addNameRange     '0.2.1',
133 silly addNameRange     '0.3.0',
133 silly addNameRange     '0.3.1',
133 silly addNameRange     '0.3.2',
133 silly addNameRange     '0.3.3',
133 silly addNameRange     '0.4.0',
133 silly addNameRange     '0.4.1',
133 silly addNameRange     '0.4.2',
133 silly addNameRange     '0.4.3',
133 silly addNameRange     '0.5.0',
133 silly addNameRange     '0.5.1',
133 silly addNameRange     '0.5.2',
133 silly addNameRange     '0.5.3',
133 silly addNameRange     '0.5.4',
133 silly addNameRange     '0.6.0',
133 silly addNameRange     '0.7.0',
133 silly addNameRange     '0.7.1',
133 silly addNameRange     '0.7.2',
133 silly addNameRange     '0.7.3',
133 silly addNameRange     '0.8.0',
133 silly addNameRange     '0.8.1',
133 silly addNameRange     '0.8.2',
133 silly addNameRange     '0.8.3',
133 silly addNameRange     '0.9.0',
133 silly addNameRange     '0.10.0',
133 silly addNameRange     '0.10.1',
133 silly addNameRange     '0.10.2',
133 silly addNameRange     '0.10.3',
133 silly addNameRange     '0.11.0',
133 silly addNameRange     '0.11.1',
133 silly addNameRange     '0.11.2',
133 silly addNameRange     '0.11.3',
133 silly addNameRange     '0.12.0',
133 silly addNameRange     '0.12.1',
133 silly addNameRange     '0.13.0',
133 silly addNameRange     '0.13.1',
133 silly addNameRange     '1.0.0',
133 silly addNameRange     '1.0.1',
133 silly addNameRange     '1.0.2',
133 silly addNameRange     '1.0.3',
133 silly addNameRange     '1.0.4',
133 silly addNameRange     '1.1.0',
133 silly addNameRange     '1.1.1',
133 silly addNameRange     '1.1.2',
133 silly addNameRange     '1.1.3',
133 silly addNameRange     '1.1.4',
133 silly addNameRange     '1.1.5',
133 silly addNameRange     '1.1.6',
133 silly addNameRange     '1.2.0',
133 silly addNameRange     '1.2.1',
133 silly addNameRange     '1.2.2',
133 silly addNameRange     '1.2.3',
133 silly addNameRange     '1.2.4',
133 silly addNameRange     '1.2.5',
133 silly addNameRange     '1.2.6',
133 silly addNameRange     '1.2.7',
133 silly addNameRange     '1.2.8',
133 silly addNameRange     '1.2.9',
133 silly addNameRange     '1.2.10',
133 silly addNameRange     '1.2.11',
133 silly addNameRange     '1.3.0',
133 silly addNameRange     '1.3.1',
133 silly addNameRange     '1.3.2',
133 silly addNameRange     '1.3.3',
133 silly addNameRange     '1.3.4',
133 silly addNameRange     '1.3.5',
133 silly addNameRange     '1.3.6',
133 silly addNameRange     '1.3.7',
133 silly addNameRange     '1.3.8',
133 silly addNameRange     '1.3.9',
133 silly addNameRange     '1.3.10',
133 silly addNameRange     '1.3.11',
133 silly addNameRange     '1.3.12',
133 silly addNameRange     '1.3.13',
133 silly addNameRange     '1.3.14',
133 silly addNameRange     '1.3.15',
133 silly addNameRange     '1.3.16',
133 silly addNameRange     '1.4.0',
133 silly addNameRange     '1.5.0',
133 silly addNameRange     '1.6.0',
133 silly addNameRange     '1.6.1',
133 silly addNameRange     '1.6.2' ] ]
134 silly addNamed canvas@1.6.2
135 verbose addNamed "1.6.2" is a plain semver version for canvas
136 silly cache afterAdd canvas@1.6.2
137 verbose afterAdd /Users/wesleyhuang/.npm/canvas/1.6.2/package/package.json not in flight; writing
138 verbose correctMkdir /Users/wesleyhuang/.npm correctMkdir not in flight; initializing
139 verbose afterAdd /Users/wesleyhuang/.npm/canvas/1.6.2/package/package.json written
140 silly fetchNamedPackageData nan
141 silly mapToRegistry name nan
142 silly mapToRegistry using default registry
143 silly mapToRegistry registry https://registry.npmjs.org/
144 silly mapToRegistry data Result {
144 silly mapToRegistry   raw: 'nan',
144 silly mapToRegistry   scope: null,
144 silly mapToRegistry   escapedName: 'nan',
144 silly mapToRegistry   name: 'nan',
144 silly mapToRegistry   rawSpec: '',
144 silly mapToRegistry   spec: 'latest',
144 silly mapToRegistry   type: 'tag' }
145 silly mapToRegistry uri https://registry.npmjs.org/nan
146 verbose request uri https://registry.npmjs.org/nan
147 verbose request no auth needed
148 info attempt registry request try #1 at 10:14:36 AM
149 verbose etag W/"58429a07-1ce2d"
150 verbose lastModified Sat, 03 Dec 2016 10:10:15 GMT
151 http request GET https://registry.npmjs.org/nan
152 http 200 https://registry.npmjs.org/nan
153 verbose headers { server: 'nginx/1.10.1',
153 verbose headers   'content-type': 'application/json',
153 verbose headers   'last-modified': 'Wed, 21 Dec 2016 07:04:21 GMT',
153 verbose headers   etag: 'W/"585a2975-1ce4a"',
153 verbose headers   'content-encoding': 'gzip',
153 verbose headers   'cache-control': 'max-age=300',
153 verbose headers   'content-length': '14083',
153 verbose headers   'accept-ranges': 'bytes',
153 verbose headers   date: 'Wed, 21 Dec 2016 17:14:36 GMT',
153 verbose headers   via: '1.1 varnish',
153 verbose headers   age: '130',
153 verbose headers   connection: 'keep-alive',
153 verbose headers   'x-served-by': 'cache-ord1724-ORD',
153 verbose headers   'x-cache': 'HIT',
153 verbose headers   'x-cache-hits': '4',
153 verbose headers   'x-timer': 'S1482340476.894090,VS0,VE0',
153 verbose headers   vary: 'Accept-Encoding' }
154 silly get cb [ 200,
154 silly get   { server: 'nginx/1.10.1',
154 silly get     'content-type': 'application/json',
154 silly get     'last-modified': 'Wed, 21 Dec 2016 07:04:21 GMT',
154 silly get     etag: 'W/"585a2975-1ce4a"',
154 silly get     'content-encoding': 'gzip',
154 silly get     'cache-control': 'max-age=300',
154 silly get     'content-length': '14083',
154 silly get     'accept-ranges': 'bytes',
154 silly get     date: 'Wed, 21 Dec 2016 17:14:36 GMT',
154 silly get     via: '1.1 varnish',
154 silly get     age: '130',
154 silly get     connection: 'keep-alive',
154 silly get     'x-served-by': 'cache-ord1724-ORD',
154 silly get     'x-cache': 'HIT',
154 silly get     'x-cache-hits': '4',
154 silly get     'x-timer': 'S1482340476.894090,VS0,VE0',
154 silly get     vary: 'Accept-Encoding' } ]
155 verbose get saving nan to /Users/wesleyhuang/.npm/registry.npmjs.org/nan/.cache.json
156 verbose correctMkdir /Users/wesleyhuang/.npm correctMkdir not in flight; initializing
157 silly resolveWithNewModule nan@2.4.0 checking installable status
158 silly cache add args [ 'nan@^2.4.0', null ]
159 verbose cache add spec nan@^2.4.0
160 silly cache add parsed spec Result {
160 silly cache add   raw: 'nan@^2.4.0',
160 silly cache add   scope: null,
160 silly cache add   escapedName: 'nan',
160 silly cache add   name: 'nan',
160 silly cache add   rawSpec: '^2.4.0',
160 silly cache add   spec: '>=2.4.0 <3.0.0',
160 silly cache add   type: 'range' }
161 silly addNamed nan@>=2.4.0 <3.0.0
162 verbose addNamed ">=2.4.0 <3.0.0" is a valid semver range for nan
163 silly addNameRange { name: 'nan', range: '>=2.4.0 <3.0.0', hasData: false }
164 silly mapToRegistry name nan
165 silly mapToRegistry using default registry
166 silly mapToRegistry registry https://registry.npmjs.org/
167 silly mapToRegistry data Result {
167 silly mapToRegistry   raw: 'nan',
167 silly mapToRegistry   scope: null,
167 silly mapToRegistry   escapedName: 'nan',
167 silly mapToRegistry   name: 'nan',
167 silly mapToRegistry   rawSpec: '',
167 silly mapToRegistry   spec: 'latest',
167 silly mapToRegistry   type: 'tag' }
168 silly mapToRegistry uri https://registry.npmjs.org/nan
169 verbose addNameRange registry:https://registry.npmjs.org/nan not in flight; fetching
170 verbose get https://registry.npmjs.org/nan not expired, no request
171 silly addNameRange number 2 { name: 'nan', range: '>=2.4.0 <3.0.0', hasData: true }
172 silly addNameRange versions [ 'nan',
172 silly addNameRange   [ '0.3.0-wip',
172 silly addNameRange     '0.3.0-wip2',
172 silly addNameRange     '0.3.0',
172 silly addNameRange     '0.3.1',
172 silly addNameRange     '0.3.2',
172 silly addNameRange     '0.4.0',
172 silly addNameRange     '0.4.1',
172 silly addNameRange     '0.4.2',
172 silly addNameRange     '0.4.3',
172 silly addNameRange     '0.4.4',
172 silly addNameRange     '0.5.0',
172 silly addNameRange     '0.5.1',
172 silly addNameRange     '0.5.2',
172 silly addNameRange     '0.6.0',
172 silly addNameRange     '0.7.0',
172 silly addNameRange     '0.7.1',
172 silly addNameRange     '0.8.0',
172 silly addNameRange     '1.0.0',
172 silly addNameRange     '1.1.0',
172 silly addNameRange     '1.1.1',
172 silly addNameRange     '1.1.2',
172 silly addNameRange     '1.2.0',
172 silly addNameRange     '1.3.0',
172 silly addNameRange     '1.4.0',
172 silly addNameRange     '1.4.1',
172 silly addNameRange     '1.5.0',
172 silly addNameRange     '1.4.2',
172 silly addNameRange     '1.4.3',
172 silly addNameRange     '1.5.1',
172 silly addNameRange     '1.5.2',
172 silly addNameRange     '1.6.0',
172 silly addNameRange     '1.5.3',
172 silly addNameRange     '1.6.1',
172 silly addNameRange     '1.6.2',
172 silly addNameRange     '1.7.0',
172 silly addNameRange     '1.8.0',
172 silly addNameRange     '1.8.1',
172 silly addNameRange     '1.8.2',
172 silly addNameRange     '1.8.3',
172 silly addNameRange     '1.8.4',
172 silly addNameRange     '1.9.0',
172 silly addNameRange     '2.0.0',
172 silly addNameRange     '2.0.1',
172 silly addNameRange     '2.0.2',
172 silly addNameRange     '2.0.3',
172 silly addNameRange     '2.0.4',
172 silly addNameRange     '2.0.5',
172 silly addNameRange     '2.0.6',
172 silly addNameRange     '2.0.7',
172 silly addNameRange     '2.0.8',
172 silly addNameRange     '2.0.9',
172 silly addNameRange     '2.1.0',
172 silly addNameRange     '2.2.0',
172 silly addNameRange     '2.2.1',
172 silly addNameRange     '2.3.0',
172 silly addNameRange     '2.3.1',
172 silly addNameRange     '2.3.2',
172 silly addNameRange     '2.3.3',
172 silly addNameRange     '2.3.4',
172 silly addNameRange     '2.3.5',
172 silly addNameRange     '2.4.0' ] ]
173 silly addNamed nan@2.4.0
174 verbose addNamed "2.4.0" is a plain semver version for nan
175 silly cache afterAdd nan@2.4.0
176 verbose afterAdd /Users/wesleyhuang/.npm/nan/2.4.0/package/package.json not in flight; writing
177 verbose correctMkdir /Users/wesleyhuang/.npm correctMkdir not in flight; initializing
178 verbose afterAdd /Users/wesleyhuang/.npm/nan/2.4.0/package/package.json written
179 silly loadAllDepsIntoIdealTree Finishing
180 silly loadIdealTree Finishing
181 silly currentTree lib
182 silly idealTree lib
182 silly idealTree └─┬ caman@4.1.2
182 silly idealTree   ├── canvas@1.6.2
182 silly idealTree   ├── fibers@1.0.15
182 silly idealTree   └── nan@2.4.0
183 silly generateActionsToTake Starting
184 silly install generateActionsToTake
185 silly generateActionsToTake Finishing
186 silly diffTrees action count 4
187 silly diffTrees add nan@2.4.0
188 silly diffTrees add canvas@1.6.2
189 silly diffTrees add fibers@1.0.15
190 silly diffTrees add caman@4.1.2
191 silly decomposeActions action count 32
192 silly decomposeActions fetch nan@2.4.0
193 silly decomposeActions extract nan@2.4.0
194 silly decomposeActions test nan@2.4.0
195 silly decomposeActions preinstall nan@2.4.0
196 silly decomposeActions build nan@2.4.0
197 silly decomposeActions install nan@2.4.0
198 silly decomposeActions postinstall nan@2.4.0
199 silly decomposeActions finalize nan@2.4.0
200 silly decomposeActions fetch canvas@1.6.2
201 silly decomposeActions extract canvas@1.6.2
202 silly decomposeActions test canvas@1.6.2
203 silly decomposeActions preinstall canvas@1.6.2
204 silly decomposeActions build canvas@1.6.2
205 silly decomposeActions install canvas@1.6.2
206 silly decomposeActions postinstall canvas@1.6.2
207 silly decomposeActions finalize canvas@1.6.2
208 silly decomposeActions fetch fibers@1.0.15
209 silly decomposeActions extract fibers@1.0.15
210 silly decomposeActions test fibers@1.0.15
211 silly decomposeActions preinstall fibers@1.0.15
212 silly decomposeActions build fibers@1.0.15
213 silly decomposeActions install fibers@1.0.15
214 silly decomposeActions postinstall fibers@1.0.15
215 silly decomposeActions finalize fibers@1.0.15
216 silly decomposeActions fetch caman@4.1.2
217 silly decomposeActions extract caman@4.1.2
218 silly decomposeActions test caman@4.1.2
219 silly decomposeActions preinstall caman@4.1.2
220 silly decomposeActions build caman@4.1.2
221 silly decomposeActions install caman@4.1.2
222 silly decomposeActions postinstall caman@4.1.2
223 silly decomposeActions finalize caman@4.1.2
224 silly executeActions Starting
225 silly install executeActions
226 silly doSerial global-install 0
227 silly doParallel fetch 4
228 verbose correctMkdir /Users/wesleyhuang/.npm/_locks correctMkdir not in flight; initializing
229 verbose lock using /Users/wesleyhuang/.npm/_locks/staging-3a08f0df5026584d.lock for /usr/local/lib/node_modules/.staging
230 silly doParallel extract 4
231 silly extract nan@2.4.0
232 silly extract canvas@1.6.2
233 silly extract fibers@1.0.15
234 silly extract caman@4.1.2
235 verbose unbuild lib/node_modules/.staging/nan-3b8f1802
236 verbose unbuild lib/node_modules/.staging/canvas-24d46c31
237 verbose unbuild lib/node_modules/.staging/fibers-57574185
238 verbose unbuild lib/node_modules/.staging/caman-ccee661a
239 silly gentlyRm /usr/local/lib/node_modules/.staging/nan-3b8f1802 is being purged from base /usr/local
240 verbose gentlyRm don't care about contents; nuking /usr/local/lib/node_modules/.staging/nan-3b8f1802
241 silly gentlyRm /usr/local/lib/node_modules/.staging/canvas-24d46c31 is being purged from base /usr/local
242 verbose gentlyRm don't care about contents; nuking /usr/local/lib/node_modules/.staging/canvas-24d46c31
243 silly gentlyRm /usr/local/lib/node_modules/.staging/fibers-57574185 is being purged from base /usr/local
244 verbose gentlyRm don't care about contents; nuking /usr/local/lib/node_modules/.staging/fibers-57574185
245 silly gentlyRm /usr/local/lib/node_modules/.staging/caman-ccee661a is being purged from base /usr/local
246 verbose gentlyRm don't care about contents; nuking /usr/local/lib/node_modules/.staging/caman-ccee661a
247 verbose tar unpack /Users/wesleyhuang/.npm/nan/2.4.0/package.tgz
248 verbose tar unpacking to /usr/local/lib/node_modules/.staging/nan-3b8f1802
249 silly gentlyRm /usr/local/lib/node_modules/.staging/nan-3b8f1802 is being purged
250 verbose gentlyRm don't care about contents; nuking /usr/local/lib/node_modules/.staging/nan-3b8f1802
251 verbose tar unpack /Users/wesleyhuang/.npm/canvas/1.6.2/package.tgz
252 verbose tar unpacking to /usr/local/lib/node_modules/.staging/canvas-24d46c31
253 silly gentlyRm /usr/local/lib/node_modules/.staging/canvas-24d46c31 is being purged
254 verbose gentlyRm don't care about contents; nuking /usr/local/lib/node_modules/.staging/canvas-24d46c31
255 verbose tar unpack /Users/wesleyhuang/.npm/fibers/1.0.15/package.tgz
256 verbose tar unpacking to /usr/local/lib/node_modules/.staging/fibers-57574185
257 silly gentlyRm /usr/local/lib/node_modules/.staging/fibers-57574185 is being purged
258 verbose gentlyRm don't care about contents; nuking /usr/local/lib/node_modules/.staging/fibers-57574185
259 verbose tar unpack /Users/wesleyhuang/.npm/caman/4.1.2/package.tgz
260 verbose tar unpacking to /usr/local/lib/node_modules/.staging/caman-ccee661a
261 silly gentlyRm /usr/local/lib/node_modules/.staging/caman-ccee661a is being purged
262 verbose gentlyRm don't care about contents; nuking /usr/local/lib/node_modules/.staging/caman-ccee661a
263 silly gunzTarPerm modes [ '755', '644' ]
264 silly gunzTarPerm modes [ '755', '644' ]
265 silly gunzTarPerm modes [ '755', '644' ]
266 silly gunzTarPerm modes [ '755', '644' ]
267 silly gunzTarPerm extractEntry package.json
268 silly gunzTarPerm modified mode [ 'package.json', 436, 420 ]
269 silly gunzTarPerm extractEntry package.json
270 silly gunzTarPerm extractEntry package.json
271 silly gunzTarPerm extractEntry package.json
272 silly gunzTarPerm extractEntry README.md
273 silly gunzTarPerm modified mode [ 'README.md', 436, 420 ]
274 silly gunzTarPerm extractEntry .npmignore
275 silly gunzTarPerm extractEntry index.js
276 silly gunzTarPerm extractEntry .npmignore
277 silly gunzTarPerm extractEntry README.md
278 silly gunzTarPerm extractEntry include_dirs.js
279 silly gunzTarPerm modified mode [ 'include_dirs.js', 436, 420 ]
280 silly gunzTarPerm extractEntry .npmignore
281 silly gunzTarPerm extractEntry README.md
282 silly gunzTarPerm extractEntry .travis.yml
283 silly gunzTarPerm extractEntry History.md
284 silly gunzTarPerm extractEntry nan_callbacks_pre_12_inl.h
285 silly gunzTarPerm modified mode [ 'nan_callbacks_pre_12_inl.h', 436, 420 ]
286 silly gunzTarPerm extractEntry CHANGELOG.md
287 silly gunzTarPerm modified mode [ 'CHANGELOG.md', 436, 420 ]
288 silly gunzTarPerm extractEntry LICENSE.md
289 silly gunzTarPerm modified mode [ 'LICENSE.md', 436, 420 ]
290 silly gunzTarPerm extractEntry LICENSE
291 silly gunzTarPerm extractEntry LICENSE
292 silly gunzTarPerm extractEntry script.js
293 silly gunzTarPerm extractEntry doc/node_misc.md
294 silly gunzTarPerm modified mode [ 'doc/node_misc.md', 436, 420 ]
295 silly gunzTarPerm extractEntry Readme.md
296 silly gunzTarPerm extractEntry karma.conf.js
297 silly gunzTarPerm extractEntry .travis.yml
298 silly gunzTarPerm extractEntry quick-test.js
299 silly gunzTarPerm extractEntry future.js
300 silly gunzTarPerm extractEntry fibers.js
301 silly gunzTarPerm extractEntry doc/asyncworker.md
302 silly gunzTarPerm modified mode [ 'doc/asyncworker.md', 436, 420 ]
303 silly gunzTarPerm extractEntry doc/callback.md
304 silly gunzTarPerm modified mode [ 'doc/callback.md', 436, 420 ]
305 silly gunzTarPerm extractEntry binding.gyp
306 silly gunzTarPerm extractEntry .github/ISSUE_TEMPLATE.md
307 silly gunzTarPerm extractEntry test.js
308 silly gunzTarPerm extractEntry build.js
309 silly gunzTarPerm extractEntry api/extra_list.html
310 silly gunzTarPerm extractEntry doc/converters.md
311 silly gunzTarPerm modified mode [ 'doc/converters.md', 436, 420 ]
312 silly gunzTarPerm extractEntry doc/errors.md
313 silly gunzTarPerm modified mode [ 'doc/errors.md', 436, 420 ]
314 silly gunzTarPerm extractEntry lib/bindings.js
315 silly gunzTarPerm extractEntry lib/canvas.js
316 silly gunzTarPerm extractEntry lib/context2d.js
317 silly gunzTarPerm extractEntry lib/image.js
318 silly gunzTarPerm extractEntry .travis.yml
319 silly gunzTarPerm extractEntry binding.gyp
320 silly gunzTarPerm extractEntry api/LICENSE.html
321 silly gunzTarPerm extractEntry api/assets/codo.js
322 silly gunzTarPerm extractEntry doc/maybe_types.md
323 silly gunzTarPerm modified mode [ 'doc/maybe_types.md', 436, 420 ]
324 silly gunzTarPerm extractEntry doc/methods.md
325 silly gunzTarPerm modified mode [ 'doc/methods.md', 436, 420 ]
326 silly gunzTarPerm extractEntry lib/jpegstream.js
327 silly gunzTarPerm extractEntry lib/pdfstream.js
328 silly gunzTarPerm extractEntry bin/.npmignore
329 silly gunzTarPerm extractEntry bin/win32-x64-48/fibers.node
330 silly gunzTarPerm extractEntry api/assets/search_data.js
331 silly gunzTarPerm extractEntry api/assets/codo.css
332 silly gunzTarPerm extractEntry doc/new.md
333 silly gunzTarPerm modified mode [ 'doc/new.md', 436, 420 ]
334 silly gunzTarPerm extractEntry lib/pngstream.js
335 silly gunzTarPerm extractEntry src/Image.cc
336 silly gunzTarPerm extractEntry api/class_index.html
337 silly gunzTarPerm extractEntry bin/darwin-ia32-48/fibers.node
338 silly gunzTarPerm extractEntry doc/buffers.md
339 silly gunzTarPerm modified mode [ 'doc/buffers.md', 436, 420 ]
340 silly gunzTarPerm extractEntry doc/object_wrappers.md
341 silly gunzTarPerm modified mode [ 'doc/object_wrappers.md', 436, 420 ]
342 silly gunzTarPerm extractEntry src/Canvas.cc
343 silly gunzTarPerm extractEntry src/CanvasGradient.cc
344 silly gunzTarPerm extractEntry api/class_list.html
345 silly gunzTarPerm extractEntry api/classes/Caman/IO.html
346 silly gunzTarPerm extractEntry bin/darwin-x64-46/fibers.node
347 silly gunzTarPerm extractEntry bin/darwin-x64-48/fibers.node
348 silly gunzTarPerm extractEntry doc/persistent.md
349 silly gunzTarPerm modified mode [ 'doc/persistent.md', 436, 420 ]
350 silly gunzTarPerm extractEntry doc/scopes.md
351 silly gunzTarPerm modified mode [ 'doc/scopes.md', 436, 420 ]
352 silly gunzTarPerm extractEntry src/CanvasGradient.h
353 silly gunzTarPerm extractEntry src/CanvasPattern.cc
354 silly gunzTarPerm extractEntry bin/linux-ia32-46/fibers.node
355 silly gunzTarPerm extractEntry bin/linux-ia32-48/fibers.node
356 silly gunzTarPerm extractEntry api/classes/Caman/Analyze.html
357 silly gunzTarPerm extractEntry api/classes/Caman/Calculate.html
358 silly gunzTarPerm extractEntry doc/script.md
359 silly gunzTarPerm modified mode [ 'doc/script.md', 436, 420 ]
360 silly gunzTarPerm extractEntry doc/string_bytes.md
361 silly gunzTarPerm modified mode [ 'doc/string_bytes.md', 436, 420 ]
362 silly gunzTarPerm extractEntry bin/darwin-ia32-46/fibers.node
363 silly gunzTarPerm extractEntry api/classes/Caman/Convert.html
364 silly gunzTarPerm extractEntry api/classes/Caman/Event.html
365 silly gunzTarPerm extractEntry api/classes/Caman/Filter.html
366 silly gunzTarPerm extractEntry src/CanvasPattern.h
367 silly gunzTarPerm extractEntry src/CanvasRenderingContext2d.cc
368 silly gunzTarPerm extractEntry api/classes/Caman/Blender.html
369 silly gunzTarPerm extractEntry doc/v8_internals.md
370 silly gunzTarPerm modified mode [ 'doc/v8_internals.md', 436, 420 ]
371 silly gunzTarPerm extractEntry doc/v8_misc.md
372 silly gunzTarPerm modified mode [ 'doc/v8_misc.md', 436, 420 ]
373 silly gunzTarPerm extractEntry api/classes/Caman/Layer.html
374 silly gunzTarPerm extractEntry api/classes/Caman/Logger.html
375 silly gunzTarPerm extractEntry bin/linux-x64-48/fibers.node
376 silly gunzTarPerm extractEntry api/classes/Caman/Pixel.html
377 silly gunzTarPerm extractEntry src/CanvasRenderingContext2d.h
378 silly gunzTarPerm extractEntry src/FontFace.cc
379 silly gunzTarPerm extractEntry api/classes/Caman/Plugin.html
380 silly gunzTarPerm extractEntry nan.h
381 silly gunzTarPerm modified mode [ 'nan.h', 436, 420 ]
382 silly gunzTarPerm extractEntry nan_callbacks.h
383 silly gunzTarPerm modified mode [ 'nan_callbacks.h', 436, 420 ]
384 silly gunzTarPerm extractEntry api/classes/Caman/Renderer.html
385 silly gunzTarPerm extractEntry api/classes/Caman/Store.html
386 silly gunzTarPerm extractEntry bin/repl
387 silly gunzTarPerm extractEntry bin/win32-ia32-46/fibers.node
388 silly gunzTarPerm extractEntry api/classes/Caman.html
389 silly gunzTarPerm extractEntry api/classes/CamanParser.html
390 silly gunzTarPerm extractEntry src/FontFace.h
391 silly gunzTarPerm extractEntry src/Canvas.h
392 silly gunzTarPerm extractEntry api/classes/Module.html
393 silly gunzTarPerm extractEntry nan_callbacks_12_inl.h
394 silly gunzTarPerm modified mode [ 'nan_callbacks_12_inl.h', 436, 420 ]
395 silly gunzTarPerm extractEntry nan_converters.h
396 silly gunzTarPerm modified mode [ 'nan_converters.h', 436, 420 ]
397 silly gunzTarPerm extractEntry nan_converters_43_inl.h
398 silly gunzTarPerm modified mode [ 'nan_converters_43_inl.h', 436, 420 ]
399 silly gunzTarPerm extractEntry nan_converters_pre_43_inl.h
400 silly gunzTarPerm modified mode [ 'nan_converters_pre_43_inl.h', 436, 420 ]
401 silly gunzTarPerm extractEntry src/Image.h
402 silly gunzTarPerm extractEntry src/ImageData.cc
403 silly gunzTarPerm extractEntry api/classes/Util.html
404 silly gunzTarPerm extractEntry api/README.md.html
405 silly gunzTarPerm extractEntry nan_implementation_12_inl.h
406 silly gunzTarPerm modified mode [ 'nan_implementation_12_inl.h', 436, 420 ]
407 silly gunzTarPerm extractEntry nan_implementation_pre_12_inl.h
408 silly gunzTarPerm modified mode [ 'nan_implementation_pre_12_inl.h', 436, 420 ]
409 silly gunzTarPerm extractEntry nan_maybe_43_inl.h
410 silly gunzTarPerm modified mode [ 'nan_maybe_43_inl.h', 436, 420 ]
411 silly gunzTarPerm extractEntry nan_maybe_pre_43_inl.h
412 silly gunzTarPerm modified mode [ 'nan_maybe_pre_43_inl.h', 436, 420 ]
413 silly gunzTarPerm extractEntry bin/win32-ia32-48/fibers.node
414 silly gunzTarPerm extractEntry src/ImageData.h
415 silly gunzTarPerm extractEntry src/JPEGStream.h
416 silly gunzTarPerm extractEntry api/file_list.html
417 silly gunzTarPerm extractEntry api/files/core/filter.coffee.html
418 silly gunzTarPerm extractEntry nan_new.h
419 silly gunzTarPerm modified mode [ 'nan_new.h', 436, 420 ]
420 silly gunzTarPerm extractEntry nan_object_wrap.h
421 silly gunzTarPerm modified mode [ 'nan_object_wrap.h', 436, 420 ]
422 silly gunzTarPerm extractEntry src/PNG.h
423 silly gunzTarPerm extractEntry src/Point.h
424 silly gunzTarPerm extractEntry api/files/core/analyze.coffee.html
425 silly gunzTarPerm extractEntry api/files/core/blender.coffee.html
426 silly gunzTarPerm extractEntry bin/win32-x64-46/fibers.node
427 silly gunzTarPerm extractEntry nan_persistent_12_inl.h
428 silly gunzTarPerm modified mode [ 'nan_persistent_12_inl.h', 436, 420 ]
429 silly gunzTarPerm extractEntry nan_persistent_pre_12_inl.h
430 silly gunzTarPerm modified mode [ 'nan_persistent_pre_12_inl.h', 436, 420 ]
431 silly gunzTarPerm extractEntry src/closure.h
432 silly gunzTarPerm extractEntry src/color.cc
433 silly gunzTarPerm extractEntry src/color.h
434 silly gunzTarPerm extractEntry src/init.cc
435 silly gunzTarPerm extractEntry api/files/core/calculate.coffee.html
436 silly gunzTarPerm extractEntry api/files/core/caman.coffee.html
437 silly gunzTarPerm extractEntry nan_string_bytes.h
438 silly gunzTarPerm modified mode [ 'nan_string_bytes.h', 436, 420 ]
439 silly gunzTarPerm extractEntry nan_typedarray_contents.h
440 silly gunzTarPerm modified mode [ 'nan_typedarray_contents.h', 436, 420 ]
441 silly gunzTarPerm extractEntry util/has_lib.sh
442 silly gunzTarPerm extractEntry api/files/core/convert.coffee.html
443 silly gunzTarPerm extractEntry api/files/core/event.coffee.html
444 silly gunzTarPerm extractEntry nan_weak.h
445 silly gunzTarPerm modified mode [ 'nan_weak.h', 436, 420 ]
446 silly gunzTarPerm extractEntry tools/package.json
447 silly gunzTarPerm modified mode [ 'tools/package.json', 436, 420 ]
448 silly gunzTarPerm extractEntry bin/linux-x64-46/fibers.node
449 silly gunzTarPerm extractEntry tools/README.md
450 silly gunzTarPerm modified mode [ 'tools/README.md', 436, 420 ]
451 silly gunzTarPerm extractEntry tools/1to2.js
452 silly gunzTarPerm modified mode [ 'tools/1to2.js', 509, 493 ]
453 silly gunzTarPerm extractEntry api/files/core/autoload.coffee.html
454 silly gunzTarPerm extractEntry api/files/core/io.coffee.html
455 silly gunzTarPerm extractEntry src/coroutine.cc
456 silly gunzTarPerm extractEntry src/coroutine.h
457 silly gunzTarPerm extractEntry src/fibers.cc
458 silly gunzTarPerm extractEntry src/libcoro/README
459 silly gunzTarPerm extractEntry api/files/core/layer.coffee.html
460 silly gunzTarPerm extractEntry api/files/core/pixel.coffee.html
461 silly gunzTarPerm extractEntry src/libcoro/LICENSE
462 silly gunzTarPerm extractEntry src/libcoro/conftest.c
463 silly gunzTarPerm extractEntry src/libcoro/coro.c
464 silly gunzTarPerm extractEntry api/files/core/plugin.coffee.html
465 silly gunzTarPerm extractEntry api/files/core/renderer.coffee.html
466 silly gunzTarPerm extractEntry api/files/core/store.coffee.html
467 silly gunzTarPerm extractEntry src/libcoro/coro.h
468 silly gunzTarPerm extractEntry api/files/core/util.coffee.html
469 silly gunzTarPerm extractEntry src/v8-version.h
470 silly gunzTarPerm extractEntry api/index.html
471 silly gunzTarPerm extractEntry api/method_list.html
472 silly gunzTarPerm extractEntry test/already-running.js
473 silly gunzTarPerm extractEntry test/exit.js
474 silly gunzTarPerm extractEntry test/fibonacci.js
475 silly gunzTarPerm extractEntry test/finish-multiple.js
476 silly gunzTarPerm extractEntry test/exec.js
477 silly gunzTarPerm extractEntry test/future.js
478 silly gunzTarPerm extractEntry api/mixin_list.html
479 silly gunzTarPerm extractEntry .gitmodules
480 silly gunzTarPerm extractEntry test/illegal-yield.js
481 silly gunzTarPerm extractEntry test/pool.js
482 silly gunzTarPerm extractEntry test/process-title.js
483 silly gunzTarPerm extractEntry dist/caman.full.js
484 silly gunzTarPerm extractEntry test/stack-overflow.js
485 silly gunzTarPerm extractEntry dist/caman.full.min.js
486 silly gunzTarPerm extractEntry test/current.js
487 silly gunzTarPerm extractEntry dist/caman.full.pack.js
488 silly gunzTarPerm extractEntry test/stack-overflow2.js
489 silly gunzTarPerm extractEntry test/child-process.js
490 silly gunzTarPerm extractEntry test/started.js
491 silly gunzTarPerm extractEntry test/bad-context.js
492 silly gunzTarPerm extractEntry test/unwind.js
493 silly gunzTarPerm extractEntry test/future-exception.js
494 silly gunzTarPerm extractEntry dist/caman.js
495 silly gunzTarPerm extractEntry dist/caman.min.js
496 silly gunzTarPerm extractEntry dist/caman.pack.js
497 silly gunzTarPerm extractEntry dist/caman.coffee
498 silly gunzTarPerm extractEntry dist/caman.full.coffee
499 silly gunzTarPerm extractEntry dist/caman.full.map
500 silly gunzTarPerm extractEntry dist/caman.map
501 silly gunzTarPerm extractEntry Cakefile
502 silly gunzTarPerm extractEntry libpeerconnection.log
503 silly gunzTarPerm extractEntry output.jpg
504 silly gentlyRm /usr/local/lib/node_modules/.staging/canvas-24d46c31/node_modules is being purged
505 verbose gentlyRm don't care about contents; nuking /usr/local/lib/node_modules/.staging/canvas-24d46c31/node_modules
506 silly gentlyRm /usr/local/lib/node_modules/.staging/nan-3b8f1802/node_modules is being purged
507 verbose gentlyRm don't care about contents; nuking /usr/local/lib/node_modules/.staging/nan-3b8f1802/node_modules
508 silly gunzTarPerm extractEntry .codoopts
509 silly gunzTarPerm extractEntry proxies/caman_proxy.php
510 silly gunzTarPerm extractEntry bower.json
511 silly gentlyRm /usr/local/lib/node_modules/.staging/fibers-57574185/node_modules is being purged
512 verbose gentlyRm don't care about contents; nuking /usr/local/lib/node_modules/.staging/fibers-57574185/node_modules
513 silly gentlyRm /usr/local/lib/node_modules/.staging/caman-ccee661a/node_modules is being purged
514 verbose gentlyRm don't care about contents; nuking /usr/local/lib/node_modules/.staging/caman-ccee661a/node_modules
515 silly doParallel preinstall 4
516 silly preinstall nan@2.4.0 /usr/local/lib/node_modules/.staging/nan-3b8f1802
517 info lifecycle nan@2.4.0~preinstall: nan@2.4.0
518 silly preinstall canvas@1.6.2 /usr/local/lib/node_modules/.staging/canvas-24d46c31
519 info lifecycle canvas@1.6.2~preinstall: canvas@1.6.2
520 silly preinstall fibers@1.0.15 /usr/local/lib/node_modules/.staging/fibers-57574185
521 info lifecycle fibers@1.0.15~preinstall: fibers@1.0.15
522 silly preinstall caman@4.1.2 /usr/local/lib/node_modules/.staging/caman-ccee661a
523 info lifecycle caman@4.1.2~preinstall: caman@4.1.2
524 silly lifecycle nan@2.4.0~preinstall: no script for preinstall, continuing
525 silly lifecycle canvas@1.6.2~preinstall: no script for preinstall, continuing
526 silly lifecycle fibers@1.0.15~preinstall: no script for preinstall, continuing
527 silly lifecycle caman@4.1.2~preinstall: no script for preinstall, continuing
528 silly doReverseSerial remove 0
529 silly doSerial move 0
530 silly doSerial finalize 4
531 silly finalize /usr/local/lib/node_modules/caman/node_modules/nan
532 silly finalize /usr/local/lib/node_modules/caman/node_modules/canvas
533 silly finalize /usr/local/lib/node_modules/caman/node_modules/fibers
534 silly finalize /usr/local/lib/node_modules/caman
535 silly doSerial build 4
536 silly build nan@2.4.0
537 info linkStuff nan@2.4.0
538 silly linkStuff nan@2.4.0 has /usr/local/lib/node_modules/caman/node_modules as its parent node_modules
539 silly linkStuff nan@2.4.0 is part of a global install
540 silly linkStuff nan@2.4.0 is installed into a global node_modules
541 verbose linkBins nan@2.4.0
542 verbose linkMans nan@2.4.0
543 silly build canvas@1.6.2
544 info linkStuff canvas@1.6.2
545 silly linkStuff canvas@1.6.2 has /usr/local/lib/node_modules/caman/node_modules as its parent node_modules
546 silly linkStuff canvas@1.6.2 is part of a global install
547 silly linkStuff canvas@1.6.2 is installed into a global node_modules
548 verbose linkBins canvas@1.6.2
549 verbose linkMans canvas@1.6.2
550 silly build fibers@1.0.15
551 info linkStuff fibers@1.0.15
552 silly linkStuff fibers@1.0.15 has /usr/local/lib/node_modules/caman/node_modules as its parent node_modules
553 silly linkStuff fibers@1.0.15 is part of a global install
554 silly linkStuff fibers@1.0.15 is installed into a global node_modules
555 verbose linkBins fibers@1.0.15
556 verbose linkMans fibers@1.0.15
557 silly build caman@4.1.2
558 info linkStuff caman@4.1.2
559 silly linkStuff caman@4.1.2 has /usr/local/lib/node_modules as its parent node_modules
560 silly linkStuff caman@4.1.2 is part of a global install
561 silly linkStuff caman@4.1.2 is installed into a global node_modules
562 silly linkStuff caman@4.1.2 is installed into the top-level global node_modules
563 verbose linkBins caman@4.1.2
564 verbose linkMans caman@4.1.2
565 silly doSerial global-link 0
566 silly doParallel update-linked 0
567 silly doSerial install 4
568 silly install nan@2.4.0 /usr/local/lib/node_modules/.staging/nan-3b8f1802
569 info lifecycle nan@2.4.0~install: nan@2.4.0
570 silly lifecycle nan@2.4.0~install: no script for install, continuing
571 silly install canvas@1.6.2 /usr/local/lib/node_modules/.staging/canvas-24d46c31
572 info lifecycle canvas@1.6.2~install: canvas@1.6.2
573 verbose lifecycle canvas@1.6.2~install: unsafe-perm in lifecycle true
574 verbose lifecycle canvas@1.6.2~install: PATH: /usr/local/lib/node_modules/npm/bin/node-gyp-bin:/usr/local/lib/node_modules/caman/node_modules/canvas/node_modules/.bin:/usr/local/lib/node_modules/caman/node_modules/.bin:/usr/local/lib/node_modules/.bin:/usr/local/bin:/usr/local/bin:/usr/bin:/bin:/usr/sbin:/sbin
575 verbose lifecycle canvas@1.6.2~install: CWD: /usr/local/lib/node_modules/caman/node_modules/canvas
576 silly lifecycle canvas@1.6.2~install: Args: [ '-c', 'node-gyp rebuild' ]
577 silly lifecycle canvas@1.6.2~install: Returned: code: 1  signal: null
578 info lifecycle canvas@1.6.2~install: Failed to exec install script
579 verbose unlock done using /Users/wesleyhuang/.npm/_locks/staging-3a08f0df5026584d.lock for /usr/local/lib/node_modules/.staging
580 silly rollbackFailedOptional Starting
581 silly rollbackFailedOptional Finishing
582 silly runTopLevelLifecycles Starting
583 silly runTopLevelLifecycles Finishing
584 silly install printInstalled
585 verbose stack Error: canvas@1.6.2 install: `node-gyp rebuild`
585 verbose stack Exit status 1
585 verbose stack     at EventEmitter.<anonymous> (/usr/local/lib/node_modules/npm/lib/utils/lifecycle.js:242:16)
585 verbose stack     at emitTwo (events.js:106:13)
585 verbose stack     at EventEmitter.emit (events.js:191:7)
585 verbose stack     at ChildProcess.<anonymous> (/usr/local/lib/node_modules/npm/lib/utils/spawn.js:40:14)
585 verbose stack     at emitTwo (events.js:106:13)
585 verbose stack     at ChildProcess.emit (events.js:191:7)
585 verbose stack     at maybeClose (internal/child_process.js:877:16)
585 verbose stack     at Process.ChildProcess._handle.onexit (internal/child_process.js:226:5)
586 verbose pkgid canvas@1.6.2
587 verbose cwd /Users/wesleyhuang/Desktop/DevMtn/instagram
588 error Darwin 16.0.0
589 error argv "/usr/local/bin/node" "/usr/local/bin/npm" "i" "caman" "-g"
590 error node v6.5.0
591 error npm  v3.10.3
592 error code ELIFECYCLE
593 error canvas@1.6.2 install: `node-gyp rebuild`
593 error Exit status 1
594 error Failed at the canvas@1.6.2 install script 'node-gyp rebuild'.
594 error Make sure you have the latest version of node.js and npm installed.
594 error If you do, this is most likely a problem with the canvas package,
594 error not with npm itself.
594 error Tell the author that this fails on your system:
594 error     node-gyp rebuild
594 error You can get information on how to open an issue for this project with:
594 error     npm bugs canvas
594 error Or if that isn't available, you can get their info via:
594 error     npm owner ls canvas
594 error There is likely additional logging output above.
595 verbose exit [ 1, true ]
